
Showing logs for build [32mjstrachan-custom-jenkins-sample-vm85k-11[0m stage [32mfrom-build-pack[0m and container [32mstep-credential-initializer-2x7dt[0m
{"level":"warn","ts":1581618443.4354622,"logger":"fallback-logger","caller":"logging/config.go:69","msg":"Fetch GitHub commit ID from kodata failed: \"ref: refs/heads/0.8.0-**-support-backwards-incompats\" is not a valid GitHub commit ID"}
{"level":"info","ts":1581618443.436157,"logger":"fallback-logger","caller":"creds-init/main.go:40","msg":"Credentials initialized."}

Showing logs for build [32mjstrachan-custom-jenkins-sample-vm85k-11[0m stage [32mfrom-build-pack[0m and container [32mstep-working-dir-initializer-2lq8p[0m
{"level":"warn","ts":1581618444.0087852,"logger":"fallback-logger","caller":"logging/config.go:69","msg":"Fetch GitHub commit ID from kodata failed: open /var/run/ko/HEAD: no such file or directory"}
{"level":"info","ts":1581618444.0100853,"logger":"fallback-logger","caller":"bash/main.go:64","msg":"Successfully executed command \"sh -c mkdir -p /workspace/source\"; output "}

Showing logs for build [32mjstrachan-custom-jenkins-sample-vm85k-11[0m stage [32mfrom-build-pack[0m and container [32mstep-place-tools[0m

Showing logs for build [32mjstrachan-custom-jenkins-sample-vm85k-11[0m stage [32mfrom-build-pack[0m and container [32mstep-git-source-jstrachan-custom-jenkins-sample-vm85k-z4vw4[0m
{"level":"warn","ts":1581618455.0983906,"logger":"fallback-logger","caller":"logging/config.go:69","msg":"Fetch GitHub commit ID from kodata failed: \"ref: refs/heads/0.8.0-**-support-backwards-incompats\" is not a valid GitHub commit ID"}
{"level":"info","ts":1581618456.1669037,"logger":"fallback-logger","caller":"git/git.go:103","msg":"Successfully cloned https://github.com/*********/custom-jenkins-sample.git @ v0.0.15 in path /workspace/source"}

Showing logs for build [32mjstrachan-custom-jenkins-sample-vm85k-11[0m stage [32mfrom-build-pack[0m and container [32mstep-git-merge[0m
Using SHAs from PULL_REFS=master:
WARNING: no SHAs to merge, falling back to initial cloned commit

Showing logs for build [32mjstrachan-custom-jenkins-sample-vm85k-11[0m stage [32mfrom-build-pack[0m and container [32mstep-setup-jx-git-credentials[0m
Generated Git credentials file /workspace/xdg_config/git/credentials

Showing logs for build [32mjstrachan-custom-jenkins-sample-vm85k-11[0m stage [32mfrom-build-pack[0m and container [32mstep-build-build[0m
defaulting to Jenkins server ****************-http-server2 due to $TRIGGER_JENKINS_SERVER
using Jenkins server http://****************-http-server2:8080
Using git URL https://github.com/*********/custom-jenkins-sample.git and branch master
triggering pipeline job *********/custom-jenkins-sample/master
