
Showing logs for build [32mmeta-jstrachan-custom-jenkins-s-l26jn-3[0m stage [32mmeta-pipeline[0m and container [32mstep-credential-initializer-z2gp2[0m
{"level":"warn","ts":1582200087.998546,"logger":"fallback-logger","caller":"logging/config.go:69","msg":"Fetch GitHub commit ID from kodata failed: \"ref: refs/heads/0.8.0-**-support-backwards-incompats\" is not a valid GitHub commit ID"}
{"level":"info","ts":1582200087.9999213,"logger":"fallback-logger","caller":"creds-init/main.go:40","msg":"Credentials initialized."}

Showing logs for build [32mmeta-jstrachan-custom-jenkins-s-l26jn-3[0m stage [32mmeta-pipeline[0m and container [32mstep-working-dir-initializer-m5244[0m
{"level":"warn","ts":1582200089.1064463,"logger":"fallback-logger","caller":"logging/config.go:69","msg":"Fetch GitHub commit ID from kodata failed: open /var/run/ko/HEAD: no such file or directory"}
{"level":"info","ts":1582200089.1092155,"logger":"fallback-logger","caller":"bash/main.go:64","msg":"Successfully executed command \"sh -c mkdir -p /workspace/source\"; output "}

Showing logs for build [32mmeta-jstrachan-custom-jenkins-s-l26jn-3[0m stage [32mmeta-pipeline[0m and container [32mstep-place-tools[0m

Showing logs for build [32mmeta-jstrachan-custom-jenkins-s-l26jn-3[0m stage [32mmeta-pipeline[0m and container [32mstep-git-source-meta-jstrachan-custom-jenkins-s-l26jn-wbxw8[0m
{"level":"warn","ts":1582200094.1731389,"logger":"fallback-logger","caller":"logging/config.go:69","msg":"Fetch GitHub commit ID from kodata failed: \"ref: refs/heads/0.8.0-**-support-backwards-incompats\" is not a valid GitHub commit ID"}
{"level":"info","ts":1582200095.2231576,"logger":"fallback-logger","caller":"git/git.go:103","msg":"Successfully cloned https://github.com/*********/custom-jenkins-sample.git @ 90875cd6eaaf5141d1063282183560cd8291773f in path /workspace/source"}

Showing logs for build [32mmeta-jstrachan-custom-jenkins-s-l26jn-3[0m stage [32mmeta-pipeline[0m and container [32mstep-git-merge[0m
Using SHAs from PULL_REFS=master:90875cd6eaaf5141d1063282183560cd8291773f
WARNING: no SHAs to merge, falling back to initial cloned commit

Showing logs for build [32mmeta-jstrachan-custom-jenkins-s-l26jn-3[0m stage [32mmeta-pipeline[0m and container [32mstep-merge-pull-refs[0m
SKIP merge-pull-refs: Nothing to merge

Showing logs for build [32mmeta-jstrachan-custom-jenkins-s-l26jn-3[0m stage [32mmeta-pipeline[0m and container [32mstep-create-effective-pipeline[0m
Cloning the Jenkins X versions repo https://github.com/*********/jenkins-x-versions.git with ref refs/heads/master to /builder/home/.**/jenkins-x-versions
performing pack detection in folder /workspace/source
--> Draft detected Perl (69.454545%)
--> Could not find a pack for Perl. Trying to find the next likely language match...
--> Draft detected SaltStack (18.909091%)
--> Could not find a pack for SaltStack. Trying to find the next likely language match...
--> Draft detected Objective-C (11.636364%)
--> Could not find a pack for Objective-C. Trying to find the next likely language match...
selected pack: /builder/home/.**/draft/packs/github.com/*********/jenkins-x-kubernetes/packs/custom-jenkins
Effective pipeline written to jenkins-x-effective.yml

Showing logs for build [32mmeta-jstrachan-custom-jenkins-s-l26jn-3[0m stage [32mmeta-pipeline[0m and container [32mstep-create-tekton-crds[0m
running command: ** step next-version --use-git-tag-only --tag
created new version: 0.0.24 and written to file: ./VERSION
error: Have you set up a git credential helper? See https://help.github.com/articles/caching-your-github-password-in-git/
: git output: To https://github.com/*********/custom-jenkins-sample.git
 ! [remote rejected] v0.0.24 -> v0.0.24 (cannot lock ref 'refs/tags/v0.0.24': reference already exists)
error: failed to push some refs to 'https://github.com/*********/custom-jenkins-sample.git': failed to run 'git push origin v0.0.24' command in directory '', output: 'To https://github.com/*********/custom-jenkins-sample.git
 ! [remote rejected] v0.0.24 -> v0.0.24 (cannot lock ref 'refs/tags/v0.0.24': reference already exists)
error: failed to push some refs to 'https://github.com/*********/custom-jenkins-sample.git''
error: failed to set the version on release pipelines: failed to run '/bin/sh -c ** step next-version --use-git-tag-only --tag' command in directory '/workspace/source', output: ''
[31m
Pipeline failed on stage 'meta-pipeline' : container 'step-create-tekton-crds'. The execution of the pipeline has stopped.[0m
