
Showing logs for build [32mjstrachan-custom-jenkins-sample-vzhb9-5[0m stage [32mfrom-build-pack[0m and container [32mstep-credential-initializer-7bhm5[0m
{"level":"warn","ts":1581615197.331354,"logger":"fallback-logger","caller":"logging/config.go:69","msg":"Fetch GitHub commit ID from kodata failed: \"ref: refs/heads/0.8.0-**-support-backwards-incompats\" is not a valid GitHub commit ID"}
{"level":"info","ts":1581615197.3317769,"logger":"fallback-logger","caller":"creds-init/main.go:40","msg":"Credentials initialized."}

Showing logs for build [32mjstrachan-custom-jenkins-sample-vzhb9-5[0m stage [32mfrom-build-pack[0m and container [32mstep-working-dir-initializer-xcrnm[0m
{"level":"warn","ts":1581615198.3192344,"logger":"fallback-logger","caller":"logging/config.go:69","msg":"Fetch GitHub commit ID from kodata failed: open /var/run/ko/HEAD: no such file or directory"}
{"level":"info","ts":1581615198.3205059,"logger":"fallback-logger","caller":"bash/main.go:64","msg":"Successfully executed command \"sh -c mkdir -p /workspace/source\"; output "}

Showing logs for build [32mjstrachan-custom-jenkins-sample-vzhb9-5[0m stage [32mfrom-build-pack[0m and container [32mstep-place-tools[0m

Showing logs for build [32mjstrachan-custom-jenkins-sample-vzhb9-5[0m stage [32mfrom-build-pack[0m and container [32mstep-git-source-jstrachan-custom-jenkins-sample-vzhb9-9w5wn[0m
{"level":"warn","ts":1581615210.4003613,"logger":"fallback-logger","caller":"logging/config.go:69","msg":"Fetch GitHub commit ID from kodata failed: \"ref: refs/heads/0.8.0-**-support-backwards-incompats\" is not a valid GitHub commit ID"}
{"level":"info","ts":1581615211.421462,"logger":"fallback-logger","caller":"git/git.go:103","msg":"Successfully cloned https://github.com/*********/custom-jenkins-sample.git @ v0.0.10 in path /workspace/source"}

Showing logs for build [32mjstrachan-custom-jenkins-sample-vzhb9-5[0m stage [32mfrom-build-pack[0m and container [32mstep-git-merge[0m
Using SHAs from PULL_REFS=master:
WARNING: no SHAs to merge, falling back to initial cloned commit

Showing logs for build [32mjstrachan-custom-jenkins-sample-vzhb9-5[0m stage [32mfrom-build-pack[0m and container [32mstep-setup-jx-git-credentials[0m
Generated Git credentials file /workspace/xdg_config/git/credentials

Showing logs for build [32mjstrachan-custom-jenkins-sample-vzhb9-5[0m stage [32mfrom-build-pack[0m and container [32mstep-build-build[0m
error: Missing option: --jenkins
Option values: ****************-http-emptyserver, ****************-http-myserver, ****************-http-server2
[31m
Pipeline failed on stage 'from-build-pack' : container 'step-build-build'. The execution of the pipeline has stopped.[0m
