
Showing logs for build [32mjstrachan-custom-jenkins-sample-p7422-7[0m stage [32mfrom-build-pack[0m and container [32mstep-credential-initializer-plzvw[0m
{"level":"warn","ts":1581616715.2812524,"logger":"fallback-logger","caller":"logging/config.go:69","msg":"Fetch GitHub commit ID from kodata failed: \"ref: refs/heads/0.8.0-**-support-backwards-incompats\" is not a valid GitHub commit ID"}
{"level":"info","ts":1581616715.2818594,"logger":"fallback-logger","caller":"creds-init/main.go:40","msg":"Credentials initialized."}

Showing logs for build [32mjstrachan-custom-jenkins-sample-p7422-7[0m stage [32mfrom-build-pack[0m and container [32mstep-working-dir-initializer-twkcz[0m
{"level":"warn","ts":1581616716.6267958,"logger":"fallback-logger","caller":"logging/config.go:69","msg":"Fetch GitHub commit ID from kodata failed: open /var/run/ko/HEAD: no such file or directory"}
{"level":"info","ts":1581616716.6280892,"logger":"fallback-logger","caller":"bash/main.go:64","msg":"Successfully executed command \"sh -c mkdir -p /workspace/source\"; output "}

Showing logs for build [32mjstrachan-custom-jenkins-sample-p7422-7[0m stage [32mfrom-build-pack[0m and container [32mstep-place-tools[0m

Showing logs for build [32mjstrachan-custom-jenkins-sample-p7422-7[0m stage [32mfrom-build-pack[0m and container [32mstep-git-source-jstrachan-custom-jenkins-sample-p7422-bhjgn[0m
{"level":"warn","ts":1581616720.7319732,"logger":"fallback-logger","caller":"logging/config.go:69","msg":"Fetch GitHub commit ID from kodata failed: \"ref: refs/heads/0.8.0-**-support-backwards-incompats\" is not a valid GitHub commit ID"}
{"level":"info","ts":1581616721.7831624,"logger":"fallback-logger","caller":"git/git.go:103","msg":"Successfully cloned https://github.com/*********/custom-jenkins-sample.git @ v0.0.12 in path /workspace/source"}

Showing logs for build [32mjstrachan-custom-jenkins-sample-p7422-7[0m stage [32mfrom-build-pack[0m and container [32mstep-git-merge[0m
Using SHAs from PULL_REFS=master:088cb7737c4e6758621e245d809d2b76d7df98e2
WARNING: no SHAs to merge, falling back to initial cloned commit

Showing logs for build [32mjstrachan-custom-jenkins-sample-p7422-7[0m stage [32mfrom-build-pack[0m and container [32mstep-setup-jx-git-credentials[0m
Generated Git credentials file /workspace/xdg_config/git/credentials

Showing logs for build [32mjstrachan-custom-jenkins-sample-p7422-7[0m stage [32mfrom-build-pack[0m and container [32mstep-build-build[0m
error: No Jenkins App services found in namespace ** with selector jenkins.io/kind=jenkins
Are you sure you installed a Jenkins App in this namespace?
Try ** add app **-app-jenkins
[31m
Pipeline failed on stage 'from-build-pack' : container 'step-build-build'. The execution of the pipeline has stopped.[0m
