Step: build-step-credential-initializer-psmxw:

{"level":"warn","ts":1551377640.6798866,"logger":"fallback-logger","caller":"logging/config.go:65","msg":"Fetch GitHub commit ID from kodata failed: \"ref: refs/heads/test\" is not a valid GitHub commit ID"}
{"level":"info","ts":1551377640.6805491,"logger":"fallback-logger","caller":"creds-init/main.go:40","msg":"Credentials initialized."}
Step: build-step-git-source-jstrachan-environment-jstrachan-t2-stagin:

{"level":"warn","ts":1551377642.1479745,"logger":"fallback-logger","caller":"logging/config.go:65","msg":"Fetch GitHub commit ID from kodata failed: \"ref: refs/heads/test\" is not a valid GitHub commit ID"}
{"level":"info","ts":1551377644.3092844,"logger":"fallback-logger","caller":"git-init/main.go:90","msg":"Successfully cloned \"https://github.com/jstrachan/environment-jstrachan-t2-staging\" @ \"v0.0.3\" in path \"/workspace/source\""}
Step: build-step-place-tools:

Step: build-step-setup-jx-git-credentials:

Generated Git credentials file /home/jenkins/git/credentials
Step: build-step-build-helm-apply:

Modified file /workspace/source/env/Chart.yaml to set the chart to version 3
No $CHART_REPOSITORY defined so using the default value of: http://jenkins-x-chartmuseum:8080
Adding missing Helm repo: jenkins-x http://chartmuseum.jenkins-x.io
Successfully added Helm repository jenkins-x.
Adding missing Helm repo: releases http://jenkins-x-chartmuseum:8080
Successfully added Helm repository releases.
No --namespace option specified or $DEPLOY_NAMESPACE environment variable available so defaulting to using namespace jx
Applying helm chart at . as release name jx to namespace jx
Ignoring templates/.gitignore
Wrote chart values.yaml values.yaml generated from directory tree
Using values files: values.yaml
Applying generated chart . YAML via kubectl in dir: /tmp/helm-template-workdir-844523624/jx/output
serviceaccount/cleanup configured
serviceaccount/expose configured
Error from server (Forbidden): error when retrieving current configuration of:
Resource: "rbac.authorization.k8s.io/v1, Resource=roles", GroupVersionKind: "rbac.authorization.k8s.io/v1, Kind=Role"
Name: "cleanup", Namespace: "jx"
Object: &{map["apiVersion":"rbac.authorization.k8s.io/v1" "kind":"Role" "metadata":map["annotations":map["jenkins.io/chart":"env" "kubectl.kubernetes.io/last-applied-configuration":""] "labels":map["jenkins.io/chart-release":"jx" "jenkins.io/version":"3"] "name":"cleanup" "namespace":"jx"] "rules":[map["apiGroups":["extensions"] "resources":["ingresses"] "verbs":["get" "list" "watch" "patch" "create" "update" "delete"]] map["apiGroups":[""] "resources":["configmaps" "services"] "verbs":["get" "list" "watch" "patch" "update"]] map["apiGroups":["extensions" "apps"] "resources":["deployments"] "verbs":["get" "list" "watch" "patch" "update"]] map["apiGroups":["" "route.openshift.io"] "resources":["routes"] "verbs":["get" "list" "watch" "patch" "create" "update" "delete"]]]]}
from server for: "/tmp/helm-template-workdir-844523624/jx/output/env/charts/cleanup/templates/role.yaml": roles.rbac.authorization.k8s.io "cleanup" is forbidden: User "system:serviceaccount:jx:tekton-bot" cannot get roles.rbac.authorization.k8s.io in the namespace "jx"
Error from server (Forbidden): error when retrieving current configuration of:
Resource: "rbac.authorization.k8s.io/v1, Resource=rolebindings", GroupVersionKind: "rbac.authorization.k8s.io/v1, Kind=RoleBinding"
Name: "cleanup", Namespace: "jx"
Object: &{map["apiVersion":"rbac.authorization.k8s.io/v1" "kind":"RoleBinding" "metadata":map["annotations":map["kubectl.kubernetes.io/last-applied-configuration":"" "jenkins.io/chart":"env"] "labels":map["jenkins.io/chart-release":"jx" "jenkins.io/version":"3"] "name":"cleanup" "namespace":"jx"] "roleRef":map["apiGroup":"rbac.authorization.k8s.io" "kind":"Role" "name":"cleanup"] "subjects":[map["namespace":"jx" "kind":"ServiceAccount" "name":"cleanup"]]]}
from server for: "/tmp/helm-template-workdir-844523624/jx/output/env/charts/cleanup/templates/rolebinding.yaml": rolebindings.rbac.authorization.k8s.io "cleanup" is forbidden: User "system:serviceaccount:jx:tekton-bot" cannot get rolebindings.rbac.authorization.k8s.io in the namespace "jx"
Error from server (Forbidden): error when retrieving current configuration of:
Resource: "extensions/v1beta1, Resource=deployments", GroupVersionKind: "extensions/v1beta1, Kind=Deployment"
Name: "jx-demo261", Namespace: "jx"
Object: &{map["apiVersion":"extensions/v1beta1" "kind":"Deployment" "metadata":map["annotations":map["jenkins.io/chart":"env" "kubectl.kubernetes.io/last-applied-configuration":""] "labels":map["jenkins.io/chart-release":"jx" "jenkins.io/version":"3" "chart":"demo261-0.0.1" "draft":"draft-app"] "name":"jx-demo261" "namespace":"jx"] "spec":map["template":map["metadata":map["labels":map["app":"jx-demo261" "draft":"draft-app"]] "spec":map["containers":[map["livenessProbe":map["httpGet":map["path":"/actuator/health" "port":'\u1f90'] "initialDelaySeconds":'<' "periodSeconds":'\n' "successThreshold":'\x01' "timeoutSeconds":'\x01'] "name":"demo261" "ports":[map["containerPort":'\u1f90']] "readinessProbe":map["httpGet":map["path":"/actuator/health" "port":'\u1f90'] "periodSeconds":'\n' "successThreshold":'\x01' "timeoutSeconds":'\x01'] "resources":map["limits":map["memory":"512Mi" "cpu":"500m"] "requests":map["cpu":"400m" "memory":"512Mi"]] "image":"draft:0.0.1" "imagePullPolicy":"IfNotPresent"]] "terminationGracePeriodSeconds":'\n']] "replicas":'\x01']]}
from server for: "/tmp/helm-template-workdir-844523624/jx/output/env/charts/demo261/templates/deployment.yaml": deployments.extensions "jx-demo261" is forbidden: User "system:serviceaccount:jx:tekton-bot" cannot get deployments.extensions in the namespace "jx"
Error from server (Forbidden): error when applying patch:
{"metadata":{"annotations":{"kubectl.kubernetes.io/last-applied-configuration":"{\"apiVersion\":\"jenkins.io/v1\",\"kind\":\"Release\",\"metadata\":{\"annotations\":{\"jenkins.io/chart\":\"env\"},\"creationTimestamp\":\"2019-02-28T17:23:31Z\",\"deletionTimestamp\":null,\"labels\":{\"jenkins.io/chart-release\":\"jx\",\"jenkins.io/version\":\"3\"},\"name\":\"demo261-0.0.1\",\"namespace\":\"jx\"},\"spec\":{\"commits\":[{\"author\":{},\"branch\":\"master\",\"committer\":{},\"message\":\"release 0.0.1\\n\",\"sha\":\"457a5e15d94992060372f09ee3552592b2c9438f\"}],\"gitCloneUrl\":\"https://github.com/jstrachan/demo261.git\",\"gitHttpUrl\":\"https://github.com/jstrachan/demo261\",\"gitOwner\":\"jstrachan\",\"gitRepository\":\"demo261\",\"name\":\"demo261\",\"releaseNotesURL\":\"https://github.com/jstrachan/demo261/releases/tag/v0.0.1\",\"version\":\"v0.0.1\"},\"status\":{}}\n"},"creationTimestamp":"2019-02-28T17:23:31Z","labels":{"jenkins.io/version":"3"}}}
to:
Resource: "jenkins.io/v1, Resource=releases", GroupVersionKind: "jenkins.io/v1, Kind=Release"
Name: "demo261-0.0.1", Namespace: "jx"
Object: &{map["apiVersion":"jenkins.io/v1" "kind":"Release" "metadata":map["annotations":map["jenkins.io/chart":"env" "kubectl.kubernetes.io/last-applied-configuration":"{\"apiVersion\":\"jenkins.io/v1\",\"kind\":\"Release\",\"metadata\":{\"annotations\":{\"jenkins.io/chart\":\"env\"},\"creationTimestamp\":\"2019-02-28T17:23:31Z\",\"deletionTimestamp\":null,\"labels\":{\"jenkins.io/chart-release\":\"jx\",\"jenkins.io/version\":\"1\"},\"name\":\"demo261-0.0.1\",\"namespace\":\"jx\"},\"spec\":{\"commits\":[{\"author\":{},\"branch\":\"master\",\"committer\":{},\"message\":\"release 0.0.1\\n\",\"sha\":\"457a5e15d94992060372f09ee3552592b2c9438f\"}],\"gitCloneUrl\":\"https://github.com/jstrachan/demo261.git\",\"gitHttpUrl\":\"https://github.com/jstrachan/demo261\",\"gitOwner\":\"jstrachan\",\"gitRepository\":\"demo261\",\"name\":\"demo261\",\"releaseNotesURL\":\"https://github.com/jstrachan/demo261/releases/tag/v0.0.1\",\"version\":\"v0.0.1\"},\"status\":{}}\n"] "labels":map["jenkins.io/chart-release":"jx" "jenkins.io/version":"1"] "namespace":"jx" "selfLink":"/apis/jenkins.io/v1/namespaces/jx/releases/demo261-0.0.1" "uid":"275be177-3b83-11e9-b378-42010a840126" "creationTimestamp":"2019-02-28T18:03:29Z" "generation":'\x01' "name":"demo261-0.0.1" "resourceVersion":"62265"] "spec":map["gitRepository":"demo261" "name":"demo261" "releaseNotesURL":"https://github.com/jstrachan/demo261/releases/tag/v0.0.1" "version":"v0.0.1" "commits":[map["author":map[] "branch":"master" "committer":map[] "message":"release 0.0.1\n" "sha":"457a5e15d94992060372f09ee3552592b2c9438f"]] "gitCloneUrl":"https://github.com/jstrachan/demo261.git" "gitHttpUrl":"https://github.com/jstrachan/demo261" "gitOwner":"jstrachan"] "status":map[]]}
for: "/tmp/helm-template-workdir-844523624/jx/output/env/charts/demo261/templates/release.yaml": releases.jenkins.io "demo261-0.0.1" is forbidden: User "system:serviceaccount:jx:tekton-bot" cannot patch releases.jenkins.io in the namespace "jx"
Error from server (Forbidden): error when creating "/tmp/helm-template-workdir-844523624/jx/output/env/charts/demo261/templates/service.yaml": services is forbidden: User "system:serviceaccount:jx:tekton-bot" cannot create services in the namespace "jx"
Error from server (Forbidden): error when applying patch:
{"metadata":{"annotations":{"jenkins.io/chart":"env","kubectl.kubernetes.io/last-applied-configuration":"{\"apiVersion\":\"v1\",\"data\":{\"config.yml\":\"exposer: Ingress\\ndomain: 35.240.86.243.nip.io\\nhttp: true\\ntls-acme: false\"},\"kind\":\"ConfigMap\",\"metadata\":{\"annotations\":{\"jenkins.io/chart\":\"env\"},\"labels\":{\"jenkins.io/chart-release\":\"jx\",\"jenkins.io/version\":\"3\"},\"name\":\"exposecontroller\",\"namespace\":\"jx\"}}\n"},"labels":{"jenkins.io/chart-release":"jx","jenkins.io/version":"3"}}}
to:
Resource: "/v1, Resource=configmaps", GroupVersionKind: "/v1, Kind=ConfigMap"
Name: "exposecontroller", Namespace: "jx"
Object: &{map["kind":"ConfigMap" "apiVersion":"v1" "metadata":map["labels":map["jenkins.io/chart-release":"jenkins-x" "jenkins.io/version":"0.0.3480"] "annotations":map["jenkins.io/chart":"jenkins-x-platform" "kubectl.kubernetes.io/last-applied-configuration":"{\"apiVersion\":\"v1\",\"data\":{\"config.yml\":\"exposer: Ingress\\ndomain: 35.240.86.243.nip.io\\nhttp: true\\ntls-acme: false\"},\"kind\":\"ConfigMap\",\"metadata\":{\"annotations\":{\"jenkins.io/chart\":\"jenkins-x-platform\"},\"labels\":{\"jenkins.io/chart-release\":\"jenkins-x\",\"jenkins.io/version\":\"0.0.3480\"},\"name\":\"exposecontroller\",\"namespace\":\"jx\"}}\n"] "name":"exposecontroller" "namespace":"jx" "selfLink":"/api/v1/namespaces/jx/configmaps/exposecontroller" "uid":"5b8e2a02-3b57-11e9-b378-42010a840126" "resourceVersion":"1783" "creationTimestamp":"2019-02-28T12:49:59Z"] "data":map["config.yml":"exposer: Ingress\ndomain: 35.240.86.243.nip.io\nhttp: true\ntls-acme: false"]]}
for: "/tmp/helm-template-workdir-844523624/jx/output/env/charts/expose/templates/configmap.yaml": configmaps "exposecontroller" is forbidden: User "system:serviceaccount:jx:tekton-bot" cannot patch configmaps in the namespace "jx"
Error from server (Forbidden): error when retrieving current configuration of:
Resource: "rbac.authorization.k8s.io/v1, Resource=roles", GroupVersionKind: "rbac.authorization.k8s.io/v1, Kind=Role"
Name: "expose", Namespace: "jx"
Object: &{map["apiVersion":"rbac.authorization.k8s.io/v1" "kind":"Role" "metadata":map["annotations":map["kubectl.kubernetes.io/last-applied-configuration":"" "jenkins.io/chart":"env"] "labels":map["jenkins.io/chart-release":"jx" "jenkins.io/version":"3"] "name":"expose" "namespace":"jx"] "rules":[map["apiGroups":["extensions"] "resources":["ingresses"] "verbs":["get" "list" "watch" "patch" "create" "update" "delete"]] map["resources":["configmaps" "services"] "verbs":["get" "list" "watch" "patch" "update"] "apiGroups":[""]] map["apiGroups":["extensions" "apps"] "resources":["deployments"] "verbs":["get" "list" "watch" "patch" "update"]] map["apiGroups":["" "route.openshift.io"] "resources":["routes"] "verbs":["get" "list" "watch" "patch" "create" "update" "delete"]]]]}
from server for: "/tmp/helm-template-workdir-844523624/jx/output/env/charts/expose/templates/role.yaml": roles.rbac.authorization.k8s.io "expose" is forbidden: User "system:serviceaccount:jx:tekton-bot" cannot get roles.rbac.authorization.k8s.io in the namespace "jx"
Error from server (Forbidden): error when retrieving current configuration of:
Resource: "rbac.authorization.k8s.io/v1, Resource=rolebindings", GroupVersionKind: "rbac.authorization.k8s.io/v1, Kind=RoleBinding"
Name: "expose", Namespace: "jx"
Object: &{map["apiVersion":"rbac.authorization.k8s.io/v1" "kind":"RoleBinding" "metadata":map["annotations":map["jenkins.io/chart":"env" "kubectl.kubernetes.io/last-applied-configuration":""] "labels":map["jenkins.io/chart-release":"jx" "jenkins.io/version":"3"] "name":"expose" "namespace":"jx"] "roleRef":map["kind":"Role" "name":"expose" "apiGroup":"rbac.authorization.k8s.io"] "subjects":[map["kind":"ServiceAccount" "name":"expose" "namespace":"jx"]]]}
from server for: "/tmp/helm-template-workdir-844523624/jx/output/env/charts/expose/templates/rolebinding.yaml": rolebindings.rbac.authorization.k8s.io "expose" is forbidden: User "system:serviceaccount:jx:tekton-bot" cannot get rolebindings.rbac.authorization.k8s.io in the namespace "jx"
error: upgrading helm chart '.': failed to run 'kubectl apply --recursive -f /tmp/helm-template-workdir-844523624/jx/output -l jenkins.io/chart-release=jx --namespace jx --wait --validate=false' command in directory '', output: 'serviceaccount/cleanup configured
serviceaccount/expose configured
Error from server (Forbidden): error when retrieving current configuration of:
Resource: "rbac.authorization.k8s.io/v1, Resource=roles", GroupVersionKind: "rbac.authorization.k8s.io/v1, Kind=Role"
Name: "cleanup", Namespace: "jx"
Object: &{map["apiVersion":"rbac.authorization.k8s.io/v1" "kind":"Role" "metadata":map["annotations":map["jenkins.io/chart":"env" "kubectl.kubernetes.io/last-applied-configuration":""] "labels":map["jenkins.io/chart-release":"jx" "jenkins.io/version":"3"] "name":"cleanup" "namespace":"jx"] "rules":[map["apiGroups":["extensions"] "resources":["ingresses"] "verbs":["get" "list" "watch" "patch" "create" "update" "delete"]] map["apiGroups":[""] "resources":["configmaps" "services"] "verbs":["get" "list" "watch" "patch" "update"]] map["apiGroups":["extensions" "apps"] "resources":["deployments"] "verbs":["get" "list" "watch" "patch" "update"]] map["apiGroups":["" "route.openshift.io"] "resources":["routes"] "verbs":["get" "list" "watch" "patch" "create" "update" "delete"]]]]}
from server for: "/tmp/helm-template-workdir-844523624/jx/output/env/charts/cleanup/templates/role.yaml": roles.rbac.authorization.k8s.io "cleanup" is forbidden: User "system:serviceaccount:jx:tekton-bot" cannot get roles.rbac.authorization.k8s.io in the namespace "jx"
Error from server (Forbidden): error when retrieving current configuration of:
Resource: "rbac.authorization.k8s.io/v1, Resource=rolebindings", GroupVersionKind: "rbac.authorization.k8s.io/v1, Kind=RoleBinding"
Name: "cleanup", Namespace: "jx"
Object: &{map["apiVersion":"rbac.authorization.k8s.io/v1" "kind":"RoleBinding" "metadata":map["annotations":map["kubectl.kubernetes.io/last-applied-configuration":"" "jenkins.io/chart":"env"] "labels":map["jenkins.io/chart-release":"jx" "jenkins.io/version":"3"] "name":"cleanup" "namespace":"jx"] "roleRef":map["apiGroup":"rbac.authorization.k8s.io" "kind":"Role" "name":"cleanup"] "subjects":[map["namespace":"jx" "kind":"ServiceAccount" "name":"cleanup"]]]}
from server for: "/tmp/helm-template-workdir-844523624/jx/output/env/charts/cleanup/templates/rolebinding.yaml": rolebindings.rbac.authorization.k8s.io "cleanup" is forbidden: User "system:serviceaccount:jx:tekton-bot" cannot get rolebindings.rbac.authorization.k8s.io in the namespace "jx"
Error from server (Forbidden): error when retrieving current configuration of:
Resource: "extensions/v1beta1, Resource=deployments", GroupVersionKind: "extensions/v1beta1, Kind=Deployment"
Name: "jx-demo261", Namespace: "jx"
Object: &{map["apiVersion":"extensions/v1beta1" "kind":"Deployment" "metadata":map["annotations":map["jenkins.io/chart":"env" "kubectl.kubernetes.io/last-applied-configuration":""] "labels":map["jenkins.io/chart-release":"jx" "jenkins.io/version":"3" "chart":"demo261-0.0.1" "draft":"draft-app"] "name":"jx-demo261" "namespace":"jx"] "spec":map["template":map["metadata":map["labels":map["app":"jx-demo261" "draft":"draft-app"]] "spec":map["containers":[map["livenessProbe":map["httpGet":map["path":"/actuator/health" "port":'\u1f90'] "initialDelaySeconds":'<' "periodSeconds":'\n' "successThreshold":'\x01' "timeoutSeconds":'\x01'] "name":"demo261" "ports":[map["containerPort":'\u1f90']] "readinessProbe":map["httpGet":map["path":"/actuator/health" "port":'\u1f90'] "periodSeconds":'\n' "successThreshold":'\x01' "timeoutSeconds":'\x01'] "resources":map["limits":map["memory":"512Mi" "cpu":"500m"] "requests":map["cpu":"400m" "memory":"512Mi"]] "image":"draft:0.0.1" "imagePullPolicy":"IfNotPresent"]] "terminationGracePeriodSeconds":'\n']] "replicas":'\x01']]}
from server for: "/tmp/helm-template-workdir-844523624/jx/output/env/charts/demo261/templates/deployment.yaml": deployments.extensions "jx-demo261" is forbidden: User "system:serviceaccount:jx:tekton-bot" cannot get deployments.extensions in the namespace "jx"
Error from server (Forbidden): error when applying patch:
{"metadata":{"annotations":{"kubectl.kubernetes.io/last-applied-configuration":"{\"apiVersion\":\"jenkins.io/v1\",\"kind\":\"Release\",\"metadata\":{\"annotations\":{\"jenkins.io/chart\":\"env\"},\"creationTimestamp\":\"2019-02-28T17:23:31Z\",\"deletionTimestamp\":null,\"labels\":{\"jenkins.io/chart-release\":\"jx\",\"jenkins.io/version\":\"3\"},\"name\":\"demo261-0.0.1\",\"namespace\":\"jx\"},\"spec\":{\"commits\":[{\"author\":{},\"branch\":\"master\",\"committer\":{},\"message\":\"release 0.0.1\\n\",\"sha\":\"457a5e15d94992060372f09ee3552592b2c9438f\"}],\"gitCloneUrl\":\"https://github.com/jstrachan/demo261.git\",\"gitHttpUrl\":\"https://github.com/jstrachan/demo261\",\"gitOwner\":\"jstrachan\",\"gitRepository\":\"demo261\",\"name\":\"demo261\",\"releaseNotesURL\":\"https://github.com/jstrachan/demo261/releases/tag/v0.0.1\",\"version\":\"v0.0.1\"},\"status\":{}}\n"},"creationTimestamp":"2019-02-28T17:23:31Z","labels":{"jenkins.io/version":"3"}}}
to:
Resource: "jenkins.io/v1, Resource=releases", GroupVersionKind: "jenkins.io/v1, Kind=Release"
Name: "demo261-0.0.1", Namespace: "jx"
Object: &{map["apiVersion":"jenkins.io/v1" "kind":"Release" "metadata":map["annotations":map["jenkins.io/chart":"env" "kubectl.kubernetes.io/last-applied-configuration":"{\"apiVersion\":\"jenkins.io/v1\",\"kind\":\"Release\",\"metadata\":{\"annotations\":{\"jenkins.io/chart\":\"env\"},\"creationTimestamp\":\"2019-02-28T17:23:31Z\",\"deletionTimestamp\":null,\"labels\":{\"jenkins.io/chart-release\":\"jx\",\"jenkins.io/version\":\"1\"},\"name\":\"demo261-0.0.1\",\"namespace\":\"jx\"},\"spec\":{\"commits\":[{\"author\":{},\"branch\":\"master\",\"committer\":{},\"message\":\"release 0.0.1\\n\",\"sha\":\"457a5e15d94992060372f09ee3552592b2c9438f\"}],\"gitCloneUrl\":\"https://github.com/jstrachan/demo261.git\",\"gitHttpUrl\":\"https://github.com/jstrachan/demo261\",\"gitOwner\":\"jstrachan\",\"gitRepository\":\"demo261\",\"name\":\"demo261\",\"releaseNotesURL\":\"https://github.com/jstrachan/demo261/releases/tag/v0.0.1\",\"version\":\"v0.0.1\"},\"status\":{}}\n"] "labels":map["jenkins.io/chart-release":"jx" "jenkins.io/version":"1"] "namespace":"jx" "selfLink":"/apis/jenkins.io/v1/namespaces/jx/releases/demo261-0.0.1" "uid":"275be177-3b83-11e9-b378-42010a840126" "creationTimestamp":"2019-02-28T18:03:29Z" "generation":'\x01' "name":"demo261-0.0.1" "resourceVersion":"62265"] "spec":map["gitRepository":"demo261" "name":"demo261" "releaseNotesURL":"https://github.com/jstrachan/demo261/releases/tag/v0.0.1" "version":"v0.0.1" "commits":[map["author":map[] "branch":"master" "committer":map[] "message":"release 0.0.1\n" "sha":"457a5e15d94992060372f09ee3552592b2c9438f"]] "gitCloneUrl":"https://github.com/jstrachan/demo261.git" "gitHttpUrl":"https://github.com/jstrachan/demo261" "gitOwner":"jstrachan"] "status":map[]]}
for: "/tmp/helm-template-workdir-844523624/jx/output/env/charts/demo261/templates/release.yaml": releases.jenkins.io "demo261-0.0.1" is forbidden: User "system:serviceaccount:jx:tekton-bot" cannot patch releases.jenkins.io in the namespace "jx"
Error from server (Forbidden): error when creating "/tmp/helm-template-workdir-844523624/jx/output/env/charts/demo261/templates/service.yaml": services is forbidden: User "system:serviceaccount:jx:tekton-bot" cannot create services in the namespace "jx"
Error from server (Forbidden): error when applying patch:
{"metadata":{"annotations":{"jenkins.io/chart":"env","kubectl.kubernetes.io/last-applied-configuration":"{\"apiVersion\":\"v1\",\"data\":{\"config.yml\":\"exposer: Ingress\\ndomain: 35.240.86.243.nip.io\\nhttp: true\\ntls-acme: false\"},\"kind\":\"ConfigMap\",\"metadata\":{\"annotations\":{\"jenkins.io/chart\":\"env\"},\"labels\":{\"jenkins.io/chart-release\":\"jx\",\"jenkins.io/version\":\"3\"},\"name\":\"exposecontroller\",\"namespace\":\"jx\"}}\n"},"labels":{"jenkins.io/chart-release":"jx","jenkins.io/version":"3"}}}
to:
Resource: "/v1, Resource=configmaps", GroupVersionKind: "/v1, Kind=ConfigMap"
Name: "exposecontroller", Namespace: "jx"
Object: &{map["kind":"ConfigMap" "apiVersion":"v1" "metadata":map["labels":map["jenkins.io/chart-release":"jenkins-x" "jenkins.io/version":"0.0.3480"] "annotations":map["jenkins.io/chart":"jenkins-x-platform" "kubectl.kubernetes.io/last-applied-configuration":"{\"apiVersion\":\"v1\",\"data\":{\"config.yml\":\"exposer: Ingress\\ndomain: 35.240.86.243.nip.io\\nhttp: true\\ntls-acme: false\"},\"kind\":\"ConfigMap\",\"metadata\":{\"annotations\":{\"jenkins.io/chart\":\"jenkins-x-platform\"},\"labels\":{\"jenkins.io/chart-release\":\"jenkins-x\",\"jenkins.io/version\":\"0.0.3480\"},\"name\":\"exposecontroller\",\"namespace\":\"jx\"}}\n"] "name":"exposecontroller" "namespace":"jx" "selfLink":"/api/v1/namespaces/jx/configmaps/exposecontroller" "uid":"5b8e2a02-3b57-11e9-b378-42010a840126" "resourceVersion":"1783" "creationTimestamp":"2019-02-28T12:49:59Z"] "data":map["config.yml":"exposer: Ingress\ndomain: 35.240.86.243.nip.io\nhttp: true\ntls-acme: false"]]}
for: "/tmp/helm-template-workdir-844523624/jx/output/env/charts/expose/templates/configmap.yaml": configmaps "exposecontroller" is forbidden: User "system:serviceaccount:jx:tekton-bot" cannot patch configmaps in the namespace "jx"
Error from server (Forbidden): error when retrieving current configuration of:
Resource: "rbac.authorization.k8s.io/v1, Resource=roles", GroupVersionKind: "rbac.authorization.k8s.io/v1, Kind=Role"
Name: "expose", Namespace: "jx"
Object: &{map["apiVersion":"rbac.authorization.k8s.io/v1" "kind":"Role" "metadata":map["annotations":map["kubectl.kubernetes.io/last-applied-configuration":"" "jenkins.io/chart":"env"] "labels":map["jenkins.io/chart-release":"jx" "jenkins.io/version":"3"] "name":"expose" "namespace":"jx"] "rules":[map["apiGroups":["extensions"] "resources":["ingresses"] "verbs":["get" "list" "watch" "patch" "create" "update" "delete"]] map["resources":["configmaps" "services"] "verbs":["get" "list" "watch" "patch" "update"] "apiGroups":[""]] map["apiGroups":["extensions" "apps"] "resources":["deployments"] "verbs":["get" "list" "watch" "patch" "update"]] map["apiGroups":["" "route.openshift.io"] "resources":["routes"] "verbs":["get" "list" "watch" "patch" "create" "update" "delete"]]]]}
from server for: "/tmp/helm-template-workdir-844523624/jx/output/env/charts/expose/templates/role.yaml": roles.rbac.authorization.k8s.io "expose" is forbidden: User "system:serviceaccount:jx:tekton-bot" cannot get roles.rbac.authorization.k8s.io in the namespace "jx"
Error from server (Forbidden): error when retrieving current configuration of:
Resource: "rbac.authorization.k8s.io/v1, Resource=rolebindings", GroupVersionKind: "rbac.authorization.k8s.io/v1, Kind=RoleBinding"
Name: "expose", Namespace: "jx"
Object: &{map["apiVersion":"rbac.authorization.k8s.io/v1" "kind":"RoleBinding" "metadata":map["annotations":map["jenkins.io/chart":"env" "kubectl.kubernetes.io/last-applied-configuration":""] "labels":map["jenkins.io/chart-release":"jx" "jenkins.io/version":"3"] "name":"expose" "namespace":"jx"] "roleRef":map["kind":"Role" "name":"expose" "apiGroup":"rbac.authorization.k8s.io"] "subjects":[map["kind":"ServiceAccount" "name":"expose" "namespace":"jx"]]]}
from server for: "/tmp/helm-template-workdir-844523624/jx/output/env/charts/expose/templates/rolebinding.yaml": rolebindings.rbac.authorization.k8s.io "expose" is forbidden: User "system:serviceaccount:jx:tekton-bot" cannot get rolebindings.rbac.authorization.k8s.io in the namespace "jx"'
{"component":"entrypoint","error":"wrapped process failed: exit status 1","level":"error","msg":"Error executing test process","time":"2019-02-28T18:14:20Z"}
